# JRE version: OpenJDK Runtime Environment Zulu25.32+21-CA (25.0.2+10) (build 25.0.2+10-LTS)
# Java VM: OpenJDK 64-Bit Server VM Zulu25.32+21-CA (25.0.2+10-LTS, mixed mode, sharing, tiered, compressed oops, compressed class ptrs, parallel gc, windows-amd64)
GC Precious Log:
 CardTable entry size: 512
 CPUs: 12 total, 12 available
 Memory: 16009M
 Large Page Support: Disabled
 NUMA Support: Disabled
 Compressed Oops: Enabled (32-bit)
 Alignments: Space 512K, Generation 512K, Heap 2M
 Heap Min Capacity: 100M
 Heap Initial Capacity: 100M
 Heap Max Capacity: 2G
 Pre-touch: Disabled
 Parallel Workers: 10
Heap:
 PSYoungGen      total 34304K, used 13758K [0x00000000d5580000, 0x00000000d7b80000, 0x0000000100000000)
  eden space 33792K, 39% used [0x00000000d5580000,0x00000000d626fb18,0x00000000d7680000)
  from space 512K, 100% used [0x00000000d7a80000,0x00000000d7b00000,0x00000000d7b00000)
  to   space 2560K, 0% used [0x00000000d7680000,0x00000000d7680000,0x00000000d7900000)
 ParOldGen       total 147456K, used 147372K [0x0000000080000000, 0x0000000089000000, 0x00000000d5580000)
  object space 147456K, 99% used [0x0000000080000000,0x0000000088feb280,0x0000000089000000)
GC Heap Usage History (20 events):
Event: 25.953 {heap Before GC invocations=36 (full 3):
 PSYoungGen      total 37888K, used 37651K [0x00000000d5580000, 0x00000000d7d80000, 0x0000000100000000)
  eden space 36864K, 100% used [0x00000000d5580000,0x00000000d7980000,0x00000000d7980000)
  from space 1024K, 76% used [0x00000000d7c80000,0x00000000d7d44dd0,0x00000000d7d80000)
  to   space 2048K, 0% used [0x00000000d7980000,0x00000000d7980000,0x00000000d7b80000)
 ParOldGen       total 141824K, used 141563K [0x0000000080000000, 0x0000000088a80000, 0x00000000d5580Event: 25.956 {heap After GC invocations=36 (full 3):
 PSYoungGen      total 37888K, used 1901K [0x00000000d5580000, 0x00000000d7d80000, 0x0000000100000000)
  eden space 35840K, 0% used [0x00000000d5580000,0x00000000d5580000,0x00000000d7880000)
  from space 2048K, 92% used [0x00000000d7980000,0x00000000d7b5b690,0x00000000d7b80000)
  to   space 2048K, 0% used [0x00000000d7b80000,0x00000000d7b80000,0x00000000d7d80000)
 ParOldGen       total 144384K, used 144173K [0x0000000080000000, 0x0000000088d00000, 0x00000000d5580000)Event: 27.627 {heap Before GC invocations=37 (full 3):
 PSYoungGen      total 37888K, used 37741K [0x00000000d5580000, 0x00000000d7d80000, 0x0000000100000000)
  eden space 35840K, 100% used [0x00000000d5580000,0x00000000d7880000,0x00000000d7880000)
  from space 2048K, 92% used [0x00000000d7980000,0x00000000d7b5b690,0x00000000d7b80000)
  to   space 2048K, 0% used [0x00000000d7b80000,0x00000000d7b80000,0x00000000d7d80000)
 ParOldGen       total 144384K, used 144173K [0x0000000080000000, 0x0000000088d00000, 0x00000000d5580Event: 27.628 {heap After GC invocations=37 (full 3):
 PSYoungGen      total 36864K, used 1747K [0x00000000d5580000, 0x00000000d7d80000, 0x0000000100000000)
  eden space 34816K, 0% used [0x00000000d5580000,0x00000000d5580000,0x00000000d7780000)
  from space 2048K, 85% used [0x00000000d7b80000,0x00000000d7d34df0,0x00000000d7d80000)
  to   space 2048K, 0% used [0x00000000d7980000,0x00000000d7980000,0x00000000d7b80000)
 ParOldGen       total 144384K, used 144328K [0x0000000080000000, 0x0000000088d00000, 0x00000000d5580000)Event: 29.827 {heap Before GC invocations=38 (full 3):
 PSYoungGen      total 36864K, used 36563K [0x00000000d5580000, 0x00000000d7d80000, 0x0000000100000000)
  eden space 34816K, 100% used [0x00000000d5580000,0x00000000d7780000,0x00000000d7780000)
  from space 2048K, 85% used [0x00000000d7b80000,0x00000000d7d34df0,0x00000000d7d80000)
  to   space 2048K, 0% used [0x00000000d7980000,0x00000000d7980000,0x00000000d7b80000)
 ParOldGen       total 144384K, used 144328K [0x0000000080000000, 0x0000000088d00000, 0x00000000d5580Event: 29.828 {heap After GC invocations=38 (full 3):
 PSYoungGen      total 34816K, used 419K [0x00000000d5580000, 0x00000000d7c00000, 0x0000000100000000)
  eden space 34304K, 0% used [0x00000000d5580000,0x00000000d5580000,0x00000000d7700000)
  from space 512K, 81% used [0x00000000d7980000,0x00000000d79e8de0,0x00000000d7a00000)
  to   space 1024K, 0% used [0x00000000d7b00000,0x00000000d7b00000,0x00000000d7c00000)
 ParOldGen       total 144896K, used 144528K [0x0000000080000000, 0x0000000088d80000, 0x00000000d5580000)
 Event: 30.871 {heap Before GC invocations=39 (full 3):
 PSYoungGen      total 34816K, used 34723K [0x00000000d5580000, 0x00000000d7c00000, 0x0000000100000000)
  eden space 34304K, 100% used [0x00000000d5580000,0x00000000d7700000,0x00000000d7700000)
  from space 512K, 81% used [0x00000000d7980000,0x00000000d79e8de0,0x00000000d7a00000)
  to   space 1024K, 0% used [0x00000000d7b00000,0x00000000d7b00000,0x00000000d7c00000)
 ParOldGen       total 144896K, used 144528K [0x0000000080000000, 0x0000000088d80000, 0x00000000d55800Event: 30.873 {heap After GC invocations=39 (full 3):
 PSYoungGen      total 34304K, used 451K [0x00000000d5580000, 0x00000000d7b80000, 0x0000000100000000)
  eden space 33792K, 0% used [0x00000000d5580000,0x00000000d5580000,0x00000000d7680000)
  from space 512K, 88% used [0x00000000d7b00000,0x00000000d7b70de0,0x00000000d7b80000)
  to   space 1024K, 0% used [0x00000000d7980000,0x00000000d7980000,0x00000000d7a80000)
 ParOldGen       total 144896K, used 144732K [0x0000000080000000, 0x0000000088d80000, 0x00000000d5580000)
 Event: 33.676 {heap Before GC invocations=40 (full 3):
 PSYoungGen      total 34304K, used 34243K [0x00000000d5580000, 0x00000000d7b80000, 0x0000000100000000)
  eden space 33792K, 100% used [0x00000000d5580000,0x00000000d7680000,0x00000000d7680000)
  from space 512K, 88% used [0x00000000d7b00000,0x00000000d7b70de0,0x00000000d7b80000)
  to   space 1024K, 0% used [0x00000000d7980000,0x00000000d7980000,0x00000000d7a80000)
 ParOldGen       total 144896K, used 144732K [0x0000000080000000, 0x0000000088d80000, 0x00000000d55800Event: 33.677 {heap After GC invocations=40 (full 3):
 PSYoungGen      total 34304K, used 835K [0x00000000d5580000, 0x00000000d7b80000, 0x0000000100000000)
  eden space 33280K, 0% used [0x00000000d5580000,0x00000000d5580000,0x00000000d7600000)
  from space 1024K, 81% used [0x00000000d7980000,0x00000000d7a50de0,0x00000000d7a80000)
  to   space 1024K, 0% used [0x00000000d7a80000,0x00000000d7a80000,0x00000000d7b80000)
 ParOldGen       total 144896K, used 144812K [0x0000000080000000, 0x0000000088d80000, 0x00000000d5580000)
Event: 34.523 {heap Before GC invocations=41 (full 3):
 PSYoungGen      total 34304K, used 34115K [0x00000000d5580000, 0x00000000d7b80000, 0x0000000100000000)
  eden space 33280K, 100% used [0x00000000d5580000,0x00000000d7600000,0x00000000d7600000)
  from space 1024K, 81% used [0x00000000d7980000,0x00000000d7a50de0,0x00000000d7a80000)
  to   space 1024K, 0% used [0x00000000d7a80000,0x00000000d7a80000,0x00000000d7b80000)
 ParOldGen       total 144896K, used 144812K [0x0000000080000000, 0x0000000088d80000, 0x00000000d5580Event: 34.525 {heap After GC invocations=41 (full 3):
 PSYoungGen      total 33280K, used 419K [0x00000000d5580000, 0x00000000d7b00000, 0x0000000100000000)
  eden space 32768K, 0% used [0x00000000d5580000,0x00000000d5580000,0x00000000d7580000)
  from space 512K, 81% used [0x00000000d7a80000,0x00000000d7ae8de0,0x00000000d7b00000)
  to   space 1024K, 0% used [0x00000000d7900000,0x00000000d7900000,0x00000000d7a00000)
 ParOldGen       total 145408K, used 145245K [0x0000000080000000, 0x0000000088e00000, 0x00000000d5580000)
 Event: 37.178 {heap Before GC invocations=42 (full 3):
 PSYoungGen      total 33280K, used 33187K [0x00000000d5580000, 0x00000000d7b00000, 0x0000000100000000)
  eden space 32768K, 100% used [0x00000000d5580000,0x00000000d7580000,0x00000000d7580000)
  from space 512K, 81% used [0x00000000d7a80000,0x00000000d7ae8de0,0x00000000d7b00000)
  to   space 1024K, 0% used [0x00000000d7900000,0x00000000d7900000,0x00000000d7a00000)
 ParOldGen       total 145408K, used 145245K [0x0000000080000000, 0x0000000088e00000, 0x00000000d55800Event: 37.179 {heap After GC invocations=42 (full 3):
 PSYoungGen      total 37376K, used 387K [0x00000000d5580000, 0x00000000d7b00000, 0x0000000100000000)
  eden space 36352K, 0% used [0x00000000d5580000,0x00000000d5580000,0x00000000d7900000)
  from space 1024K, 37% used [0x00000000d7900000,0x00000000d7960de0,0x00000000d7a00000)
  to   space 512K, 0% used [0x00000000d7a80000,0x00000000d7a80000,0x00000000d7b00000)
 ParOldGen       total 145408K, used 145309K [0x0000000080000000, 0x0000000088e00000, 0x00000000d5580000)
 Event: 297.159 {heap Before GC invocations=43 (full 3):
 PSYoungGen      total 37376K, used 36739K [0x00000000d5580000, 0x00000000d7b00000, 0x0000000100000000)
  eden space 36352K, 100% used [0x00000000d5580000,0x00000000d7900000,0x00000000d7900000)
  from space 1024K, 37% used [0x00000000d7900000,0x00000000d7960de0,0x00000000d7a00000)
  to   space 512K, 0% used [0x00000000d7a80000,0x00000000d7a80000,0x00000000d7b00000)
 ParOldGen       total 145408K, used 145309K [0x0000000080000000, 0x0000000088e00000, 0x00000000d55800Event: 297.162 {heap After GC invocations=43 (full 3):
 PSYoungGen      total 35840K, used 288K [0x00000000d5580000, 0x00000000d7b00000, 0x0000000100000000)
  eden space 35328K, 0% used [0x00000000d5580000,0x00000000d5580000,0x00000000d7800000)
  from space 512K, 56% used [0x00000000d7a80000,0x00000000d7ac8000,0x00000000d7b00000)
  to   space 512K, 0% used [0x00000000d7a00000,0x00000000d7a00000,0x00000000d7a80000)
 ParOldGen       total 145408K, used 145389K [0x0000000080000000, 0x0000000088e00000, 0x00000000d5580000)
  Event: 298.414 {heap Before GC invocations=44 (full 3):
 PSYoungGen      total 35840K, used 35616K [0x00000000d5580000, 0x00000000d7b00000, 0x0000000100000000)
  eden space 35328K, 100% used [0x00000000d5580000,0x00000000d7800000,0x00000000d7800000)
  from space 512K, 56% used [0x00000000d7a80000,0x00000000d7ac8000,0x00000000d7b00000)
  to   space 512K, 0% used [0x00000000d7a00000,0x00000000d7a00000,0x00000000d7a80000)
 ParOldGen       total 145408K, used 145389K [0x0000000080000000, 0x0000000088e00000, 0x00000000d558000Event: 298.416 {heap After GC invocations=44 (full 3):
 PSYoungGen      total 34816K, used 499K [0x00000000d5580000, 0x00000000d7b00000, 0x0000000100000000)
  eden space 34304K, 0% used [0x00000000d5580000,0x00000000d5580000,0x00000000d7700000)
  from space 512K, 97% used [0x00000000d7a00000,0x00000000d7a7cdd0,0x00000000d7a80000)
  to   space 512K, 0% used [0x00000000d7a80000,0x00000000d7a80000,0x00000000d7b00000)
 ParOldGen       total 145920K, used 145813K [0x0000000080000000, 0x0000000088e80000, 0x00000000d5580000)
  Event: 299.580 {heap Before GC invocations=45 (full 3):
 PSYoungGen      total 34816K, used 34803K [0x00000000d5580000, 0x00000000d7b00000, 0x0000000100000000)
  eden space 34304K, 100% used [0x00000000d5580000,0x00000000d7700000,0x00000000d7700000)
  from space 512K, 97% used [0x00000000d7a00000,0x00000000d7a7cdd0,0x00000000d7a80000)
  to   space 512K, 0% used [0x00000000d7a80000,0x00000000d7a80000,0x00000000d7b00000)
 ParOldGen       total 145920K, used 145813K [0x0000000080000000, 0x0000000088e80000, 0x00000000d558000Event: 299.582 {heap After GC invocations=45 (full 3):
 PSYoungGen      total 34304K, used 512K [0x00000000d5580000, 0x00000000d7b80000, 0x0000000100000000)
  eden space 33792K, 0% used [0x00000000d5580000,0x00000000d5580000,0x00000000d7680000)
  from space 512K, 100% used [0x00000000d7a80000,0x00000000d7b00000,0x00000000d7b00000)
  to   space 2560K, 0% used [0x00000000d7680000,0x00000000d7680000,0x00000000d7900000)
 ParOldGen       total 147456K, used 147372K [0x0000000080000000, 0x0000000089000000, 0x00000000d5580000)

